<?xml version="1.0" encoding="UTF-8"?>
<!-- Generated by org.testng.reporters.JUnitReportReporter -->
<testsuite hostname="LIN66009018" failures="0" tests="1" name="SeleniumGradleProject.TestCase001" time="5.840" errors="0" timestamp="22 Jan 2021 04:10:35 GMT" skipped="0">
  <testcase classname="SeleniumGradleProject.TestCase001" name="executeTest" time="5.840"/>
</testsuite> <!-- SeleniumGradleProject.TestCase001 -->
