<?xml version="1.0" encoding="UTF-8"?>
<!-- Generated by org.testng.reporters.JUnitReportReporter -->
<testsuite hostname="LIN66009018" failures="0" tests="1" name="SeleniumGradleProject.TestCase001" time="0.014" errors="0" timestamp="21 Jan 2021 01:38:44 GMT" skipped="0">
  <testcase classname="SeleniumGradleProject.TestCase001" name="executeTest" time="0.014"/>
</testsuite> <!-- SeleniumGradleProject.TestCase001 -->
